2025-01-14 18:06:56,663 - modules.data_collection - INFO - Reddit integration available
2025-01-14 18:06:59,394 - modules.data_collection - INFO - OTX client initialized
2025-01-14 18:06:59,394 - modules.data_collection - INFO - VirusTotal client initialized
2025-01-14 18:06:59,395 - __main__ - INFO - Successfully initialized DataCollector
2025-01-14 18:06:59,398 - __main__ - INFO - Successfully initialized MLAnalyzer
2025-01-14 18:06:59,413 - modules.visualization - INFO - Callbacks set up successfully
2025-01-14 18:06:59,414 - modules.visualization - INFO - Custom CSS injected successfully
2025-01-14 18:06:59,414 - modules.visualization - INFO - DashboardManager initialized successfully
2025-01-14 18:06:59,414 - __main__ - INFO - Successfully initialized DashboardManager
2025-01-14 18:06:59,420 - modules.visualization - INFO - Main layout created successfully
2025-01-14 18:06:59,575 - __main__ - INFO - Successfully initialized background tasks
2025-01-14 18:06:59,577 - dash.dash - INFO - Dash is running on http://localhost:8050/

2025-01-14 18:07:01,100 - modules.data_collection - INFO - Reddit integration available
2025-01-14 18:07:03,124 - modules.data_collection - INFO - OTX client initialized
2025-01-14 18:07:03,125 - modules.data_collection - INFO - VirusTotal client initialized
2025-01-14 18:07:03,125 - __main__ - INFO - Successfully initialized DataCollector
2025-01-14 18:07:03,129 - __main__ - INFO - Successfully initialized MLAnalyzer
2025-01-14 18:07:03,138 - modules.visualization - INFO - Callbacks set up successfully
2025-01-14 18:07:03,138 - modules.visualization - INFO - Custom CSS injected successfully
2025-01-14 18:07:03,139 - modules.visualization - INFO - DashboardManager initialized successfully
2025-01-14 18:07:03,139 - __main__ - INFO - Successfully initialized DashboardManager
2025-01-14 18:07:03,141 - modules.visualization - INFO - Main layout created successfully
2025-01-14 18:07:03,239 - __main__ - INFO - Successfully initialized background tasks
2025-01-14 18:08:18,958 - modules.data_collection - INFO - Reddit integration available
2025-01-14 18:08:21,966 - modules.data_collection - INFO - OTX client initialized
2025-01-14 18:08:21,967 - modules.data_collection - INFO - VirusTotal client initialized
2025-01-14 18:08:21,968 - __main__ - INFO - Successfully initialized DataCollector
2025-01-14 18:08:21,977 - __main__ - INFO - Successfully initialized MLAnalyzer
2025-01-14 18:08:21,998 - modules.visualization - INFO - Callbacks set up successfully
2025-01-14 18:08:21,999 - modules.visualization - INFO - Custom CSS injected successfully
2025-01-14 18:08:21,999 - modules.visualization - INFO - DashboardManager initialized successfully
2025-01-14 18:08:22,000 - __main__ - INFO - Successfully initialized DashboardManager
2025-01-14 18:08:22,007 - modules.visualization - INFO - Main layout created successfully
2025-01-14 18:08:22,158 - __main__ - INFO - Successfully initialized background tasks
2025-01-14 18:08:22,161 - dash.dash - INFO - Dash is running on http://localhost:8050/

2025-01-14 18:08:23,952 - modules.data_collection - INFO - Reddit integration available
2025-01-14 18:08:26,520 - modules.data_collection - INFO - OTX client initialized
2025-01-14 18:08:26,521 - modules.data_collection - INFO - VirusTotal client initialized
2025-01-14 18:08:26,522 - __main__ - INFO - Successfully initialized DataCollector
2025-01-14 18:08:26,531 - __main__ - INFO - Successfully initialized MLAnalyzer
2025-01-14 18:08:26,548 - modules.visualization - INFO - Callbacks set up successfully
2025-01-14 18:08:26,549 - modules.visualization - INFO - Custom CSS injected successfully
2025-01-14 18:08:26,549 - modules.visualization - INFO - DashboardManager initialized successfully
2025-01-14 18:08:26,550 - __main__ - INFO - Successfully initialized DashboardManager
2025-01-14 18:08:26,560 - modules.visualization - INFO - Main layout created successfully
2025-01-14 18:08:26,703 - __main__ - INFO - Successfully initialized background tasks
2025-01-14 18:11:33,426 - modules.data_collection - INFO - Reddit integration available
2025-01-14 18:11:35,479 - modules.data_collection - INFO - OTX client initialized
2025-01-14 18:11:35,480 - modules.data_collection - INFO - VirusTotal client initialized
2025-01-14 18:11:35,480 - __main__ - INFO - Successfully initialized DataCollector
2025-01-14 18:11:35,484 - __main__ - INFO - Successfully initialized MLAnalyzer
2025-01-14 18:11:35,492 - modules.visualization - INFO - Callbacks set up successfully
2025-01-14 18:11:35,492 - modules.visualization - INFO - Custom CSS injected successfully
2025-01-14 18:11:35,492 - modules.visualization - INFO - DashboardManager initialized successfully
2025-01-14 18:11:35,492 - __main__ - INFO - Successfully initialized DashboardManager
2025-01-14 18:11:35,495 - modules.visualization - INFO - Main layout created successfully
2025-01-14 18:11:35,622 - __main__ - INFO - Successfully initialized background tasks
2025-01-14 18:11:35,625 - dash.dash - INFO - Dash is running on http://localhost:8050/

2025-01-14 18:11:36,900 - modules.data_collection - INFO - Reddit integration available
2025-01-14 18:11:38,610 - modules.data_collection - INFO - OTX client initialized
2025-01-14 18:11:38,611 - modules.data_collection - INFO - VirusTotal client initialized
2025-01-14 18:11:38,612 - __main__ - INFO - Successfully initialized DataCollector
2025-01-14 18:11:38,619 - __main__ - INFO - Successfully initialized MLAnalyzer
2025-01-14 18:11:38,639 - modules.visualization - INFO - Callbacks set up successfully
2025-01-14 18:11:38,640 - modules.visualization - INFO - Custom CSS injected successfully
2025-01-14 18:11:38,641 - modules.visualization - INFO - DashboardManager initialized successfully
2025-01-14 18:11:38,641 - __main__ - INFO - Successfully initialized DashboardManager
2025-01-14 18:11:38,645 - modules.visualization - INFO - Main layout created successfully
2025-01-14 18:11:38,765 - __main__ - INFO - Successfully initialized background tasks
2025-01-14 18:18:26,666 - modules.data_collection - INFO - Reddit integration available
2025-01-14 18:18:28,722 - __main__ - ERROR - Unexpected error importing DashboardManager from visualization: name 'app' is not defined
2025-01-14 18:18:28,953 - modules.data_collection - INFO - OTX client initialized
2025-01-14 18:18:28,953 - modules.data_collection - INFO - VirusTotal client initialized
2025-01-14 18:18:28,954 - __main__ - INFO - Successfully initialized DataCollector
2025-01-14 18:18:28,957 - __main__ - INFO - Successfully initialized MLAnalyzer
2025-01-14 18:18:29,096 - __main__ - INFO - Successfully initialized background tasks
2025-01-14 18:18:29,099 - dash.dash - INFO - Dash is running on http://localhost:8050/

2025-01-14 18:18:30,948 - modules.data_collection - INFO - Reddit integration available
2025-01-14 18:18:32,970 - __main__ - ERROR - Unexpected error importing DashboardManager from visualization: name 'app' is not defined
2025-01-14 18:18:33,120 - modules.data_collection - INFO - OTX client initialized
2025-01-14 18:18:33,120 - modules.data_collection - INFO - VirusTotal client initialized
2025-01-14 18:18:33,121 - __main__ - INFO - Successfully initialized DataCollector
2025-01-14 18:18:33,125 - __main__ - INFO - Successfully initialized MLAnalyzer
2025-01-14 18:18:33,312 - __main__ - INFO - Successfully initialized background tasks
2025-01-14 18:21:03,527 - modules.data_collection - INFO - Reddit integration available
2025-01-14 18:21:05,983 - modules.data_collection - INFO - OTX client initialized
2025-01-14 18:21:05,984 - modules.data_collection - INFO - VirusTotal client initialized
2025-01-14 18:21:05,985 - __main__ - INFO - Successfully initialized DataCollector
2025-01-14 18:21:05,991 - __main__ - INFO - Successfully initialized MLAnalyzer
2025-01-14 18:21:06,009 - modules.visualization - INFO - DashboardManager initialized successfully
2025-01-14 18:21:06,010 - __main__ - INFO - Successfully initialized DashboardManager
2025-01-14 18:21:06,139 - __main__ - INFO - Successfully initialized background tasks
2025-01-14 18:21:06,141 - dash.dash - INFO - Dash is running on http://localhost:8050/

2025-01-14 18:21:07,622 - modules.data_collection - INFO - Reddit integration available
2025-01-14 18:21:10,197 - modules.data_collection - INFO - OTX client initialized
2025-01-14 18:21:10,198 - modules.data_collection - INFO - VirusTotal client initialized
2025-01-14 18:21:10,199 - __main__ - INFO - Successfully initialized DataCollector
2025-01-14 18:21:10,203 - __main__ - INFO - Successfully initialized MLAnalyzer
2025-01-14 18:21:10,225 - modules.visualization - INFO - DashboardManager initialized successfully
2025-01-14 18:21:10,226 - __main__ - INFO - Successfully initialized DashboardManager
2025-01-14 18:21:10,370 - __main__ - INFO - Successfully initialized background tasks
2025-01-14 18:23:52,940 - modules.data_collection - INFO - Reddit integration available
2025-01-14 18:23:55,148 - modules.data_collection - INFO - OTX client initialized
2025-01-14 18:23:55,148 - modules.data_collection - INFO - VirusTotal client initialized
2025-01-14 18:23:55,148 - __main__ - INFO - Successfully initialized DataCollector
2025-01-14 18:23:55,152 - __main__ - INFO - Successfully initialized MLAnalyzer
2025-01-14 18:23:55,162 - modules.visualization - INFO - DashboardManager initialized successfully
2025-01-14 18:23:55,162 - __main__ - INFO - Successfully initialized DashboardManager
2025-01-14 18:23:55,259 - __main__ - INFO - Successfully initialized background tasks
2025-01-14 18:23:55,261 - dash.dash - INFO - Dash is running on http://localhost:8050/

2025-01-14 18:23:56,522 - modules.data_collection - INFO - Reddit integration available
2025-01-14 18:23:58,559 - modules.data_collection - INFO - OTX client initialized
2025-01-14 18:23:58,560 - modules.data_collection - INFO - VirusTotal client initialized
2025-01-14 18:23:58,560 - __main__ - INFO - Successfully initialized DataCollector
2025-01-14 18:23:58,564 - __main__ - INFO - Successfully initialized MLAnalyzer
2025-01-14 18:23:58,579 - modules.visualization - INFO - DashboardManager initialized successfully
2025-01-14 18:23:58,579 - __main__ - INFO - Successfully initialized DashboardManager
2025-01-14 18:23:58,690 - __main__ - INFO - Successfully initialized background tasks
2025-01-14 18:24:07,916 - modules.visualization - ERROR - Error updating recent alerts: Column 'time' has dtype object, cannot use method 'nlargest' with this dtype
2025-01-14 18:24:12,907 - modules.visualization - ERROR - Error updating recent alerts: Column 'time' has dtype object, cannot use method 'nlargest' with this dtype
2025-01-14 18:24:18,060 - modules.visualization - ERROR - Error updating recent alerts: Column 'time' has dtype object, cannot use method 'nlargest' with this dtype
2025-01-14 18:26:58,173 - modules.data_collection - INFO - Reddit integration available
2025-01-14 18:27:00,035 - modules.data_collection - INFO - OTX client initialized
2025-01-14 18:27:00,035 - modules.data_collection - INFO - VirusTotal client initialized
2025-01-14 18:27:00,036 - __main__ - INFO - Successfully initialized DataCollector
2025-01-14 18:27:00,042 - __main__ - INFO - Successfully initialized MLAnalyzer
2025-01-14 18:27:00,061 - modules.visualization - INFO - DashboardManager initialized successfully
2025-01-14 18:27:00,062 - __main__ - INFO - Successfully initialized DashboardManager
2025-01-14 18:27:00,200 - __main__ - INFO - Successfully initialized background tasks
2025-01-14 18:27:00,202 - dash.dash - INFO - Dash is running on http://localhost:8050/

2025-01-14 18:27:01,355 - modules.data_collection - INFO - Reddit integration available
2025-01-14 18:27:03,861 - modules.data_collection - INFO - OTX client initialized
2025-01-14 18:27:03,862 - modules.data_collection - INFO - VirusTotal client initialized
2025-01-14 18:27:03,862 - __main__ - INFO - Successfully initialized DataCollector
2025-01-14 18:27:03,867 - __main__ - INFO - Successfully initialized MLAnalyzer
2025-01-14 18:27:03,881 - modules.visualization - INFO - DashboardManager initialized successfully
2025-01-14 18:27:03,882 - __main__ - INFO - Successfully initialized DashboardManager
2025-01-14 18:27:04,045 - __main__ - INFO - Successfully initialized background tasks
2025-01-14 18:27:08,253 - modules.visualization - ERROR - Error updating recent alerts: Column 'time' has dtype object, cannot use method 'nlargest' with this dtype
2025-01-14 18:27:13,244 - modules.visualization - ERROR - Error updating recent alerts: Column 'time' has dtype object, cannot use method 'nlargest' with this dtype
2025-01-14 18:27:17,009 - modules.visualization - ERROR - Error updating recent alerts: Column 'time' has dtype object, cannot use method 'nlargest' with this dtype
2025-01-14 18:27:19,396 - modules.visualization - ERROR - Error updating recent alerts: Column 'time' has dtype object, cannot use method 'nlargest' with this dtype
2025-01-14 18:30:09,005 - modules.data_collection - INFO - Reddit integration available
2025-01-14 18:30:11,280 - modules.data_collection - INFO - OTX client initialized
2025-01-14 18:30:11,281 - modules.data_collection - INFO - VirusTotal client initialized
2025-01-14 18:30:11,282 - __main__ - INFO - Successfully initialized DataCollector
2025-01-14 18:30:11,289 - __main__ - INFO - Successfully initialized MLAnalyzer
2025-01-14 18:30:11,314 - modules.visualization - INFO - DashboardManager initialized successfully
2025-01-14 18:30:11,315 - __main__ - INFO - Successfully initialized DashboardManager
2025-01-14 18:30:11,475 - __main__ - INFO - Successfully initialized background tasks
2025-01-14 18:35:53,506 - modules.data_collection - INFO - Reddit integration available
2025-01-14 18:35:55,896 - modules.data_collection - INFO - OTX client initialized
2025-01-14 18:35:55,896 - modules.data_collection - INFO - VirusTotal client initialized
2025-01-14 18:35:55,896 - __main__ - INFO - Successfully initialized DataCollector
2025-01-14 18:35:55,899 - __main__ - INFO - Successfully initialized MLAnalyzer
2025-01-14 18:35:55,906 - modules.visualization - INFO - DashboardManager initialized successfully
2025-01-14 18:35:55,907 - __main__ - INFO - Successfully initialized DashboardManager
2025-01-14 18:35:55,986 - __main__ - INFO - Successfully initialized background tasks
2025-01-14 18:35:55,987 - dash.dash - INFO - Dash is running on http://localhost:8050/

2025-01-14 18:35:57,364 - modules.data_collection - INFO - Reddit integration available
2025-01-14 18:35:59,523 - modules.data_collection - INFO - OTX client initialized
2025-01-14 18:35:59,524 - modules.data_collection - INFO - VirusTotal client initialized
2025-01-14 18:35:59,524 - __main__ - INFO - Successfully initialized DataCollector
2025-01-14 18:35:59,529 - __main__ - INFO - Successfully initialized MLAnalyzer
2025-01-14 18:35:59,542 - modules.visualization - INFO - DashboardManager initialized successfully
2025-01-14 18:35:59,542 - __main__ - INFO - Successfully initialized DashboardManager
2025-01-14 18:35:59,742 - __main__ - INFO - Successfully initialized background tasks
2025-01-14 18:36:13,030 - modules.visualization - ERROR - Error updating recent alerts: Column 'time' has dtype object, cannot use method 'nlargest' with this dtype
2025-01-14 18:36:18,129 - modules.visualization - ERROR - Error updating recent alerts: Column 'time' has dtype object, cannot use method 'nlargest' with this dtype
2025-01-14 18:36:23,021 - modules.visualization - ERROR - Error updating recent alerts: Column 'time' has dtype object, cannot use method 'nlargest' with this dtype
2025-01-14 18:36:28,093 - modules.visualization - ERROR - Error updating recent alerts: Column 'time' has dtype object, cannot use method 'nlargest' with this dtype
2025-01-14 18:36:33,040 - modules.visualization - ERROR - Error updating recent alerts: Column 'time' has dtype object, cannot use method 'nlargest' with this dtype
2025-01-14 18:41:42,815 - modules.data_collection - INFO - Reddit integration available
2025-01-14 18:41:43,811 - modules.data_collection - INFO - OTX client initialized
2025-01-14 18:41:43,811 - modules.data_collection - INFO - VirusTotal client initialized
2025-01-14 18:41:43,811 - __main__ - INFO - Successfully initialized DataCollector
2025-01-14 18:41:43,814 - __main__ - INFO - Successfully initialized MLAnalyzer
2025-01-14 18:41:43,819 - modules.visualization - INFO - DashboardManager initialized successfully
2025-01-14 18:41:43,820 - __main__ - INFO - Successfully initialized DashboardManager
2025-01-14 18:41:43,878 - __main__ - INFO - Successfully initialized background tasks
2025-01-14 18:41:43,879 - dash.dash - INFO - Dash is running on http://localhost:8050/

2025-01-14 18:41:44,560 - modules.data_collection - INFO - Reddit integration available
2025-01-14 18:41:45,453 - modules.data_collection - INFO - OTX client initialized
2025-01-14 18:41:45,453 - modules.data_collection - INFO - VirusTotal client initialized
2025-01-14 18:41:45,453 - __main__ - INFO - Successfully initialized DataCollector
2025-01-14 18:41:45,455 - __main__ - INFO - Successfully initialized MLAnalyzer
2025-01-14 18:41:45,461 - modules.visualization - INFO - DashboardManager initialized successfully
2025-01-14 18:41:45,461 - __main__ - INFO - Successfully initialized DashboardManager
2025-01-14 18:41:45,517 - __main__ - INFO - Successfully initialized background tasks
2025-01-14 18:41:54,374 - modules.visualization - ERROR - Error updating recent alerts: Column 'time' has dtype object, cannot use method 'nlargest' with this dtype
2025-01-14 18:41:59,394 - modules.visualization - ERROR - Error updating recent alerts: Column 'time' has dtype object, cannot use method 'nlargest' with this dtype
2025-01-14 18:42:03,666 - modules.visualization - ERROR - Error updating recent alerts: Column 'time' has dtype object, cannot use method 'nlargest' with this dtype
2025-01-14 18:42:04,408 - modules.visualization - ERROR - Error updating recent alerts: Column 'time' has dtype object, cannot use method 'nlargest' with this dtype
2025-01-14 18:42:28,511 - modules.visualization - ERROR - Error in page routing: FormGroup was deprecated in dash-bootstrap-components version 1.0.0. You are using 1.5.0. For more details please see the migration guide: https://dash-bootstrap-components.opensource.faculty.ai/migration-guide/
2025-01-14 18:42:32,537 - modules.visualization - ERROR - Error updating recent alerts: Column 'time' has dtype object, cannot use method 'nlargest' with this dtype
2025-01-14 18:42:33,383 - modules.visualization - ERROR - Error in page routing: FormGroup was deprecated in dash-bootstrap-components version 1.0.0. You are using 1.5.0. For more details please see the migration guide: https://dash-bootstrap-components.opensource.faculty.ai/migration-guide/
2025-01-14 18:42:35,469 - modules.visualization - ERROR - Error updating recent alerts: Column 'time' has dtype object, cannot use method 'nlargest' with this dtype
2025-01-14 18:45:00,821 - modules.data_collection - INFO - Reddit integration available
2025-01-14 18:45:01,740 - modules.data_collection - INFO - OTX client initialized
2025-01-14 18:45:01,740 - modules.data_collection - INFO - VirusTotal client initialized
2025-01-14 18:45:01,740 - __main__ - INFO - Successfully initialized DataCollector
2025-01-14 18:45:01,742 - __main__ - INFO - Successfully initialized MLAnalyzer
2025-01-14 18:45:01,748 - modules.visualization - INFO - DashboardManager initialized successfully
2025-01-14 18:45:01,748 - __main__ - INFO - Successfully initialized DashboardManager
2025-01-14 18:45:01,802 - __main__ - INFO - Successfully initialized background tasks
2025-01-14 18:45:01,804 - dash.dash - INFO - Dash is running on http://localhost:8050/

2025-01-14 18:45:02,486 - modules.data_collection - INFO - Reddit integration available
2025-01-14 18:45:03,355 - modules.data_collection - INFO - OTX client initialized
2025-01-14 18:45:03,356 - modules.data_collection - INFO - VirusTotal client initialized
2025-01-14 18:45:03,356 - __main__ - INFO - Successfully initialized DataCollector
2025-01-14 18:45:03,358 - __main__ - INFO - Successfully initialized MLAnalyzer
2025-01-14 18:45:03,363 - modules.visualization - INFO - DashboardManager initialized successfully
2025-01-14 18:45:03,364 - __main__ - INFO - Successfully initialized DashboardManager
2025-01-14 18:45:03,417 - __main__ - INFO - Successfully initialized background tasks
2025-01-14 18:45:12,111 - modules.visualization - ERROR - Error updating recent alerts: Column 'time' has dtype object, cannot use method 'nlargest' with this dtype
2025-01-14 18:45:17,115 - modules.visualization - ERROR - Error updating recent alerts: Column 'time' has dtype object, cannot use method 'nlargest' with this dtype
2025-01-14 18:45:29,272 - modules.visualization - ERROR - Error creating settings page: FormGroup was deprecated in dash-bootstrap-components version 1.0.0. You are using 1.5.0. For more details please see the migration guide: https://dash-bootstrap-components.opensource.faculty.ai/migration-guide/
2025-01-14 18:47:18,467 - modules.data_collection - INFO - Reddit integration available
2025-01-14 18:47:19,388 - modules.data_collection - INFO - OTX client initialized
2025-01-14 18:47:19,388 - modules.data_collection - INFO - VirusTotal client initialized
2025-01-14 18:47:19,388 - __main__ - INFO - Successfully initialized DataCollector
2025-01-14 18:47:19,390 - __main__ - INFO - Successfully initialized MLAnalyzer
2025-01-14 18:47:19,396 - modules.visualization - INFO - DashboardManager initialized successfully
2025-01-14 18:47:19,396 - __main__ - INFO - Successfully initialized DashboardManager
2025-01-14 18:47:19,447 - __main__ - INFO - Successfully initialized background tasks
2025-01-14 18:47:19,448 - dash.dash - INFO - Dash is running on http://localhost:8050/

2025-01-14 18:47:20,143 - modules.data_collection - INFO - Reddit integration available
2025-01-14 18:47:21,024 - modules.data_collection - INFO - OTX client initialized
2025-01-14 18:47:21,024 - modules.data_collection - INFO - VirusTotal client initialized
2025-01-14 18:47:21,024 - __main__ - INFO - Successfully initialized DataCollector
2025-01-14 18:47:21,027 - __main__ - INFO - Successfully initialized MLAnalyzer
2025-01-14 18:47:21,032 - modules.visualization - INFO - DashboardManager initialized successfully
2025-01-14 18:47:21,032 - __main__ - INFO - Successfully initialized DashboardManager
2025-01-14 18:47:21,084 - __main__ - INFO - Successfully initialized background tasks
2025-01-14 18:47:30,301 - modules.visualization - ERROR - Error updating recent alerts: Column 'time' has dtype object, cannot use method 'nlargest' with this dtype
2025-01-14 18:47:51,998 - modules.visualization - ERROR - Error creating settings page: FormGroup was deprecated in dash-bootstrap-components version 1.0.0. You are using 1.5.0. For more details please see the migration guide: https://dash-bootstrap-components.opensource.faculty.ai/migration-guide/
2025-01-14 18:47:57,756 - modules.visualization - ERROR - Error updating recent alerts: Column 'time' has dtype object, cannot use method 'nlargest' with this dtype
2025-01-14 18:48:13,940 - modules.data_collection - INFO - Reddit integration available
2025-01-14 18:48:14,823 - modules.data_collection - INFO - OTX client initialized
2025-01-14 18:48:14,824 - modules.data_collection - INFO - VirusTotal client initialized
2025-01-14 18:48:14,824 - __main__ - INFO - Successfully initialized DataCollector
2025-01-14 18:48:14,826 - __main__ - INFO - Successfully initialized MLAnalyzer
2025-01-14 18:48:14,831 - modules.visualization - INFO - DashboardManager initialized successfully
2025-01-14 18:48:14,832 - __main__ - INFO - Successfully initialized DashboardManager
2025-01-14 18:48:14,885 - __main__ - INFO - Successfully initialized background tasks
2025-01-14 18:48:14,887 - dash.dash - INFO - Dash is running on http://localhost:8050/

2025-01-14 18:48:15,580 - modules.data_collection - INFO - Reddit integration available
2025-01-14 18:48:16,462 - modules.data_collection - INFO - OTX client initialized
2025-01-14 18:48:16,462 - modules.data_collection - INFO - VirusTotal client initialized
2025-01-14 18:48:16,463 - __main__ - INFO - Successfully initialized DataCollector
2025-01-14 18:48:16,466 - __main__ - INFO - Successfully initialized MLAnalyzer
2025-01-14 18:48:16,472 - modules.visualization - INFO - DashboardManager initialized successfully
2025-01-14 18:48:16,472 - __main__ - INFO - Successfully initialized DashboardManager
2025-01-14 18:48:16,528 - __main__ - INFO - Successfully initialized background tasks
2025-01-14 18:48:25,077 - modules.visualization - ERROR - Error updating recent alerts: Column 'time' has dtype object, cannot use method 'nlargest' with this dtype
2025-01-14 18:48:30,089 - modules.visualization - ERROR - Error updating recent alerts: Column 'time' has dtype object, cannot use method 'nlargest' with this dtype
2025-01-14 18:48:35,084 - modules.visualization - ERROR - Error updating recent alerts: Column 'time' has dtype object, cannot use method 'nlargest' with this dtype
2025-01-14 18:48:40,075 - modules.visualization - ERROR - Error updating recent alerts: Column 'time' has dtype object, cannot use method 'nlargest' with this dtype
2025-01-14 18:48:45,061 - modules.visualization - ERROR - Error updating recent alerts: Column 'time' has dtype object, cannot use method 'nlargest' with this dtype
2025-01-14 18:48:50,067 - modules.visualization - ERROR - Error updating recent alerts: Column 'time' has dtype object, cannot use method 'nlargest' with this dtype
2025-01-14 18:48:55,078 - modules.visualization - ERROR - Error updating recent alerts: Column 'time' has dtype object, cannot use method 'nlargest' with this dtype
2025-01-14 18:49:00,108 - modules.visualization - ERROR - Error updating recent alerts: Column 'time' has dtype object, cannot use method 'nlargest' with this dtype
2025-01-14 18:49:05,092 - modules.visualization - ERROR - Error updating recent alerts: Column 'time' has dtype object, cannot use method 'nlargest' with this dtype
2025-01-14 18:49:05,673 - modules.visualization - ERROR - Error updating recent alerts: Column 'time' has dtype object, cannot use method 'nlargest' with this dtype
2025-01-14 18:49:21,558 - modules.visualization - ERROR - Error creating settings page: FormGroup was deprecated in dash-bootstrap-components version 1.0.0. You are using 1.5.0. For more details please see the migration guide: https://dash-bootstrap-components.opensource.faculty.ai/migration-guide/
2025-01-14 18:49:28,127 - modules.visualization - ERROR - Error creating settings page: FormGroup was deprecated in dash-bootstrap-components version 1.0.0. You are using 1.5.0. For more details please see the migration guide: https://dash-bootstrap-components.opensource.faculty.ai/migration-guide/
2025-01-14 18:52:01,362 - modules.data_collection - INFO - Reddit integration available
2025-01-14 18:52:02,237 - modules.data_collection - INFO - OTX client initialized
2025-01-14 18:52:02,237 - modules.data_collection - INFO - VirusTotal client initialized
2025-01-14 18:52:02,238 - __main__ - INFO - Successfully initialized DataCollector
2025-01-14 18:52:02,240 - __main__ - INFO - Successfully initialized MLAnalyzer
2025-01-14 18:52:02,245 - modules.visualization - INFO - DashboardManager initialized successfully
2025-01-14 18:52:02,245 - __main__ - INFO - Successfully initialized DashboardManager
2025-01-14 18:52:02,298 - __main__ - INFO - Successfully initialized background tasks
2025-01-14 18:52:02,299 - dash.dash - INFO - Dash is running on http://localhost:8050/

2025-01-14 18:52:02,958 - modules.data_collection - INFO - Reddit integration available
2025-01-14 18:52:03,811 - modules.data_collection - INFO - OTX client initialized
2025-01-14 18:52:03,812 - modules.data_collection - INFO - VirusTotal client initialized
2025-01-14 18:52:03,812 - __main__ - INFO - Successfully initialized DataCollector
2025-01-14 18:52:03,814 - __main__ - INFO - Successfully initialized MLAnalyzer
2025-01-14 18:52:03,820 - modules.visualization - INFO - DashboardManager initialized successfully
2025-01-14 18:52:03,820 - __main__ - INFO - Successfully initialized DashboardManager
2025-01-14 18:52:03,872 - __main__ - INFO - Successfully initialized background tasks
2025-01-14 18:52:21,529 - modules.visualization - ERROR - Error updating recent alerts: Column 'time' has dtype object, cannot use method 'nlargest' with this dtype
2025-01-14 18:52:24,104 - modules.visualization - ERROR - Error creating settings page: FormGroup was deprecated in dash-bootstrap-components version 1.0.0. You are using 1.5.0. For more details please see the migration guide: https://dash-bootstrap-components.opensource.faculty.ai/migration-guide/
2025-01-14 18:52:38,627 - modules.visualization - ERROR - Error creating settings page: FormGroup was deprecated in dash-bootstrap-components version 1.0.0. You are using 1.5.0. For more details please see the migration guide: https://dash-bootstrap-components.opensource.faculty.ai/migration-guide/
2025-01-14 18:55:37,514 - modules.data_collection - INFO - Reddit integration available
2025-01-14 18:55:38,465 - modules.data_collection - INFO - OTX client initialized
2025-01-14 18:55:38,465 - modules.data_collection - INFO - VirusTotal client initialized
2025-01-14 18:55:38,465 - __main__ - INFO - Successfully initialized DataCollector
2025-01-14 18:55:38,467 - __main__ - INFO - Successfully initialized MLAnalyzer
2025-01-14 18:55:38,473 - modules.visualization - INFO - DashboardManager initialized successfully
2025-01-14 18:55:38,473 - __main__ - INFO - Successfully initialized DashboardManager
2025-01-14 18:55:38,525 - __main__ - INFO - Successfully initialized background tasks
2025-01-14 18:55:38,526 - dash.dash - INFO - Dash is running on http://localhost:8050/

2025-01-14 18:55:39,207 - modules.data_collection - INFO - Reddit integration available
2025-01-14 18:55:40,105 - modules.data_collection - INFO - OTX client initialized
2025-01-14 18:55:40,106 - modules.data_collection - INFO - VirusTotal client initialized
2025-01-14 18:55:40,106 - __main__ - INFO - Successfully initialized DataCollector
2025-01-14 18:55:40,109 - __main__ - INFO - Successfully initialized MLAnalyzer
2025-01-14 18:55:40,117 - modules.visualization - INFO - DashboardManager initialized successfully
2025-01-14 18:55:40,118 - __main__ - INFO - Successfully initialized DashboardManager
2025-01-14 18:55:40,194 - __main__ - INFO - Successfully initialized background tasks
2025-01-14 18:55:49,144 - modules.visualization - ERROR - Error updating recent alerts: Column 'time' has dtype object, cannot use method 'nlargest' with this dtype
2025-01-14 18:55:59,603 - modules.visualization - ERROR - Error updating recent alerts: Column 'time' has dtype object, cannot use method 'nlargest' with this dtype
2025-01-14 18:56:01,190 - modules.visualization - ERROR - Error updating recent alerts: Column 'time' has dtype object, cannot use method 'nlargest' with this dtype
2025-01-14 18:56:06,708 - modules.visualization - ERROR - Error updating recent alerts: Column 'time' has dtype object, cannot use method 'nlargest' with this dtype
2025-01-14 18:58:54,046 - modules.data_collection - INFO - Reddit integration available
2025-01-14 18:58:56,225 - modules.data_collection - INFO - OTX client initialized
2025-01-14 18:58:56,226 - modules.data_collection - INFO - VirusTotal client initialized
2025-01-14 18:58:56,226 - __main__ - INFO - Successfully initialized DataCollector
2025-01-14 18:58:56,229 - __main__ - INFO - Successfully initialized MLAnalyzer
2025-01-14 18:58:56,238 - modules.visualization - INFO - DashboardManager initialized successfully
2025-01-14 18:58:56,238 - __main__ - INFO - Successfully initialized DashboardManager
2025-01-14 18:58:56,369 - __main__ - INFO - Successfully initialized background tasks
2025-01-14 18:58:56,372 - dash.dash - INFO - Dash is running on http://localhost:8050/

2025-01-14 18:58:58,142 - modules.data_collection - INFO - Reddit integration available
2025-01-14 18:59:00,645 - modules.data_collection - INFO - OTX client initialized
2025-01-14 18:59:00,646 - modules.data_collection - INFO - VirusTotal client initialized
2025-01-14 18:59:00,647 - __main__ - INFO - Successfully initialized DataCollector
2025-01-14 18:59:00,655 - __main__ - INFO - Successfully initialized MLAnalyzer
2025-01-14 18:59:00,680 - modules.visualization - INFO - DashboardManager initialized successfully
2025-01-14 18:59:00,682 - __main__ - INFO - Successfully initialized DashboardManager
2025-01-14 18:59:00,840 - __main__ - INFO - Successfully initialized background tasks
2025-01-14 18:59:41,986 - modules.visualization - ERROR - Error updating recent alerts: Column 'time' has dtype object, cannot use method 'nlargest' with this dtype
2025-01-14 18:59:47,079 - modules.visualization - ERROR - Error updating recent alerts: Column 'time' has dtype object, cannot use method 'nlargest' with this dtype
2025-01-14 18:59:51,931 - modules.visualization - ERROR - Error updating recent alerts: Column 'time' has dtype object, cannot use method 'nlargest' with this dtype
2025-01-14 18:59:56,884 - modules.visualization - ERROR - Error updating recent alerts: Column 'time' has dtype object, cannot use method 'nlargest' with this dtype
2025-01-14 19:00:02,066 - modules.visualization - ERROR - Error updating recent alerts: Column 'time' has dtype object, cannot use method 'nlargest' with this dtype
2025-01-14 19:00:06,962 - modules.visualization - ERROR - Error updating recent alerts: Column 'time' has dtype object, cannot use method 'nlargest' with this dtype
2025-01-14 19:00:12,115 - modules.visualization - ERROR - Error updating recent alerts: Column 'time' has dtype object, cannot use method 'nlargest' with this dtype
2025-01-14 19:00:13,016 - modules.visualization - ERROR - Error updating recent alerts: Column 'time' has dtype object, cannot use method 'nlargest' with this dtype
2025-01-14 19:00:17,019 - modules.visualization - ERROR - Error updating recent alerts: Column 'time' has dtype object, cannot use method 'nlargest' with this dtype
2025-01-14 19:01:51,984 - modules.visualization - ERROR - Error updating recent alerts: Column 'time' has dtype object, cannot use method 'nlargest' with this dtype
2025-01-14 19:01:57,099 - modules.visualization - ERROR - Error updating recent alerts: Column 'time' has dtype object, cannot use method 'nlargest' with this dtype
2025-01-14 19:02:02,020 - modules.visualization - ERROR - Error updating recent alerts: Column 'time' has dtype object, cannot use method 'nlargest' with this dtype
2025-01-14 19:02:06,950 - modules.visualization - ERROR - Error updating recent alerts: Column 'time' has dtype object, cannot use method 'nlargest' with this dtype
2025-01-14 19:02:11,943 - modules.visualization - ERROR - Error updating recent alerts: Column 'time' has dtype object, cannot use method 'nlargest' with this dtype
2025-01-14 19:02:16,976 - modules.visualization - ERROR - Error updating recent alerts: Column 'time' has dtype object, cannot use method 'nlargest' with this dtype
2025-01-14 19:02:22,096 - modules.visualization - ERROR - Error updating recent alerts: Column 'time' has dtype object, cannot use method 'nlargest' with this dtype
2025-01-14 19:02:27,023 - modules.visualization - ERROR - Error updating recent alerts: Column 'time' has dtype object, cannot use method 'nlargest' with this dtype
2025-01-14 19:02:31,805 - modules.visualization - ERROR - Error updating recent alerts: Column 'time' has dtype object, cannot use method 'nlargest' with this dtype
2025-01-14 19:02:36,887 - modules.visualization - ERROR - Error updating recent alerts: Column 'time' has dtype object, cannot use method 'nlargest' with this dtype
2025-01-14 19:02:41,917 - modules.visualization - ERROR - Error updating recent alerts: Column 'time' has dtype object, cannot use method 'nlargest' with this dtype
2025-01-14 19:02:47,088 - modules.visualization - ERROR - Error updating recent alerts: Column 'time' has dtype object, cannot use method 'nlargest' with this dtype
2025-01-14 19:02:51,937 - modules.visualization - ERROR - Error updating recent alerts: Column 'time' has dtype object, cannot use method 'nlargest' with this dtype
2025-01-14 19:02:56,955 - modules.visualization - ERROR - Error updating recent alerts: Column 'time' has dtype object, cannot use method 'nlargest' with this dtype
2025-01-14 19:03:02,076 - modules.visualization - ERROR - Error updating recent alerts: Column 'time' has dtype object, cannot use method 'nlargest' with this dtype
2025-01-14 19:03:06,909 - modules.visualization - ERROR - Error updating recent alerts: Column 'time' has dtype object, cannot use method 'nlargest' with this dtype
2025-01-14 19:03:12,120 - modules.visualization - ERROR - Error updating recent alerts: Column 'time' has dtype object, cannot use method 'nlargest' with this dtype
2025-01-14 19:03:16,989 - modules.visualization - ERROR - Error updating recent alerts: Column 'time' has dtype object, cannot use method 'nlargest' with this dtype
2025-01-14 19:03:21,792 - modules.visualization - ERROR - Error updating recent alerts: Column 'time' has dtype object, cannot use method 'nlargest' with this dtype
2025-01-14 19:03:26,870 - modules.visualization - ERROR - Error updating recent alerts: Column 'time' has dtype object, cannot use method 'nlargest' with this dtype
2025-01-14 19:03:31,991 - modules.visualization - ERROR - Error updating recent alerts: Column 'time' has dtype object, cannot use method 'nlargest' with this dtype
2025-01-14 19:03:36,916 - modules.visualization - ERROR - Error updating recent alerts: Column 'time' has dtype object, cannot use method 'nlargest' with this dtype
2025-01-14 19:03:41,996 - modules.visualization - ERROR - Error updating recent alerts: Column 'time' has dtype object, cannot use method 'nlargest' with this dtype
2025-01-14 19:03:46,967 - modules.visualization - ERROR - Error updating recent alerts: Column 'time' has dtype object, cannot use method 'nlargest' with this dtype
2025-01-14 19:03:51,915 - modules.visualization - ERROR - Error updating recent alerts: Column 'time' has dtype object, cannot use method 'nlargest' with this dtype
2025-01-14 19:03:56,823 - modules.visualization - ERROR - Error updating recent alerts: Column 'time' has dtype object, cannot use method 'nlargest' with this dtype
2025-01-14 19:04:01,870 - modules.visualization - ERROR - Error updating recent alerts: Column 'time' has dtype object, cannot use method 'nlargest' with this dtype
2025-01-14 19:04:06,820 - modules.visualization - ERROR - Error updating recent alerts: Column 'time' has dtype object, cannot use method 'nlargest' with this dtype
2025-01-14 19:04:11,962 - modules.visualization - ERROR - Error updating recent alerts: Column 'time' has dtype object, cannot use method 'nlargest' with this dtype
2025-01-14 19:04:16,932 - modules.visualization - ERROR - Error updating recent alerts: Column 'time' has dtype object, cannot use method 'nlargest' with this dtype
2025-01-14 19:04:21,987 - modules.visualization - ERROR - Error updating recent alerts: Column 'time' has dtype object, cannot use method 'nlargest' with this dtype
2025-01-14 19:04:26,966 - modules.visualization - ERROR - Error updating recent alerts: Column 'time' has dtype object, cannot use method 'nlargest' with this dtype
2025-01-14 19:04:32,035 - modules.visualization - ERROR - Error updating recent alerts: Column 'time' has dtype object, cannot use method 'nlargest' with this dtype
2025-01-14 19:04:36,779 - modules.visualization - ERROR - Error updating recent alerts: Column 'time' has dtype object, cannot use method 'nlargest' with this dtype
2025-01-14 19:04:41,931 - modules.visualization - ERROR - Error updating recent alerts: Column 'time' has dtype object, cannot use method 'nlargest' with this dtype
2025-01-14 19:04:46,926 - modules.visualization - ERROR - Error updating recent alerts: Column 'time' has dtype object, cannot use method 'nlargest' with this dtype
2025-01-14 19:04:51,861 - modules.visualization - ERROR - Error updating recent alerts: Column 'time' has dtype object, cannot use method 'nlargest' with this dtype
2025-01-14 19:04:56,989 - modules.visualization - ERROR - Error updating recent alerts: Column 'time' has dtype object, cannot use method 'nlargest' with this dtype
2025-01-14 19:05:02,004 - modules.visualization - ERROR - Error updating recent alerts: Column 'time' has dtype object, cannot use method 'nlargest' with this dtype
2025-01-14 19:05:39,191 - modules.visualization - ERROR - Error updating recent alerts: Column 'time' has dtype object, cannot use method 'nlargest' with this dtype
2025-01-14 19:05:44,380 - modules.visualization - ERROR - Error updating recent alerts: Column 'time' has dtype object, cannot use method 'nlargest' with this dtype
